[25-Oct-2018 07:02:13 UTC] PHP Fatal error:  Uncaught Error: Class 'izv\database\App' not found in /home/ubuntu/workspace/proyecto/classes/izv/database/Database.php:23
Stack trace:
#0 /home/ubuntu/workspace/proyecto/producto/index.php(8): izv\database\Database->__construct()
#1 {main}
  thrown in /home/ubuntu/workspace/proyecto/classes/izv/database/Database.php on line 23
[25-Oct-2018 07:02:21 UTC] PHP Fatal error:  Uncaught Error: Class 'izv\database\App' not found in /home/ubuntu/workspace/proyecto/classes/izv/database/Database.php:23
Stack trace:
#0 /home/ubuntu/workspace/proyecto/producto/index.php(8): izv\database\Database->__construct()
#1 {main}
  thrown in /home/ubuntu/workspace/proyecto/classes/izv/database/Database.php on line 23
[25-Oct-2018 07:07:24 UTC] PHP Fatal error:  Uncaught Error: Class 'izv\database\PDO' not found in /home/ubuntu/workspace/proyecto/classes/izv/database/Database.php:36
Stack trace:
#0 /home/ubuntu/workspace/proyecto/producto/index.php(10): izv\database\Database->connect()
#1 {main}
  thrown in /home/ubuntu/workspace/proyecto/classes/izv/database/Database.php on line 36
[25-Oct-2018 07:08:09 UTC] PHP Fatal error:  Uncaught Error: Class 'izv\database\PDO' not found in /home/ubuntu/workspace/proyecto/classes/izv/database/Database.php:41
Stack trace:
#0 /home/ubuntu/workspace/proyecto/producto/index.php(10): izv\database\Database->connect()
#1 {main}
  thrown in /home/ubuntu/workspace/proyecto/classes/izv/database/Database.php on line 41
[25-Oct-2018 07:08:32 UTC] PHP Fatal error:  Uncaught Error: Class 'Reader' not found in /home/ubuntu/workspace/proyecto/producto/index.php:17
Stack trace:
#0 {main}
  thrown in /home/ubuntu/workspace/proyecto/producto/index.php on line 17
[25-Oct-2018 07:13:24 UTC] PHP Notice:  Undefined variable: sentencia in /home/ubuntu/workspace/proyecto/producto/index.php on line 73
[25-Oct-2018 07:13:24 UTC] PHP Fatal error:  Uncaught Error: Call to a member function fetch() on null in /home/ubuntu/workspace/proyecto/producto/index.php:73
Stack trace:
#0 {main}
  thrown in /home/ubuntu/workspace/proyecto/producto/index.php on line 73
[25-Oct-2018 07:13:30 UTC] PHP Notice:  Undefined variable: sentencia in /home/ubuntu/workspace/proyecto/producto/index.php on line 73
[25-Oct-2018 07:13:30 UTC] PHP Fatal error:  Uncaught Error: Call to a member function fetch() on null in /home/ubuntu/workspace/proyecto/producto/index.php:73
Stack trace:
#0 {main}
  thrown in /home/ubuntu/workspace/proyecto/producto/index.php on line 73
[25-Oct-2018 07:14:12 UTC] PHP Fatal error:  Uncaught Error: Class 'Producto' not found in /home/ubuntu/workspace/proyecto/producto/index.php:75
Stack trace:
#0 {main}
  thrown in /home/ubuntu/workspace/proyecto/producto/index.php on line 75
[25-Oct-2018 08:16:17 UTC] PHP Fatal error:  Uncaught TypeError: Argument 1 passed to izv\managedata\ManageProducto::__construct() must be an instance of izv\managedata\Database, instance of izv\database\Database given, called in /home/ubuntu/workspace/proyecto/producto/index.php on line 11 and defined in /home/ubuntu/workspace/proyecto/classes/izv/managedata/ManageProducto.php:9
Stack trace:
#0 /home/ubuntu/workspace/proyecto/producto/index.php(11): izv\managedata\ManageProducto->__construct(Object(izv\database\Database))
#1 {main}
  thrown in /home/ubuntu/workspace/proyecto/classes/izv/managedata/ManageProducto.php on line 9
[25-Oct-2018 08:17:56 UTC] PHP Notice:  Undefined property: izv\managedata\ManageProducto::$bd in /home/ubuntu/workspace/proyecto/classes/izv/managedata/ManageProducto.php on line 63
[25-Oct-2018 08:17:56 UTC] PHP Fatal error:  Uncaught Error: Call to a member function getSentence() on null in /home/ubuntu/workspace/proyecto/classes/izv/managedata/ManageProducto.php:63
Stack trace:
#0 /home/ubuntu/workspace/proyecto/producto/index.php(12): izv\managedata\ManageProducto->getAll()
#1 {main}
  thrown in /home/ubuntu/workspace/proyecto/classes/izv/managedata/ManageProducto.php on line 63
[25-Oct-2018 19:23:17 UTC] PHP Parse error:  syntax error, unexpected '';' (T_CONSTANT_ENCAPSED_STRING), expecting ';' in /home/ubuntu/workspace/proyecto/classes/izv/tools/Util.php on line 22
[25-Oct-2018 19:24:06 UTC] PHP Fatal error:  Uncaught Error: Call to undefined method izv\tools\Util::getAlert() in /home/ubuntu/workspace/proyecto/classes/izv/tools/Util.php:14
Stack trace:
#0 /home/ubuntu/workspace/proyecto/producto/index.php(76): izv\tools\Util::dangerAlert('Error')
#1 {main}
  thrown in /home/ubuntu/workspace/proyecto/classes/izv/tools/Util.php on line 14
[30-Oct-2018 09:55:54 UTC] PHP Fatal error:  Uncaught Error: Call to undefined method izv\tools\Util::url() in /home/ubuntu/workspace/proyecto/producto/dodelete.php:22
Stack trace:
#0 {main}
  thrown in /home/ubuntu/workspace/proyecto/producto/dodelete.php on line 22
[30-Oct-2018 09:56:50 UTC] PHP Fatal error:  Uncaught Error: Call to undefined method izv\tools\Util::url() in /home/ubuntu/workspace/proyecto/producto/dodelete.php:22
Stack trace:
#0 {main}
  thrown in /home/ubuntu/workspace/proyecto/producto/dodelete.php on line 22
[30-Oct-2018 09:57:03 UTC] PHP Fatal error:  Uncaught Error: Call to undefined method izv\tools\Util::url() in /home/ubuntu/workspace/proyecto/producto/dodelete.php:22
Stack trace:
#0 {main}
  thrown in /home/ubuntu/workspace/proyecto/producto/dodelete.php on line 22
[30-Oct-2018 09:57:04 UTC] PHP Fatal error:  Uncaught Error: Call to undefined method izv\tools\Util::url() in /home/ubuntu/workspace/proyecto/producto/dodelete.php:22
Stack trace:
#0 {main}
  thrown in /home/ubuntu/workspace/proyecto/producto/dodelete.php on line 22
[30-Oct-2018 09:57:32 UTC] PHP Fatal error:  Uncaught Error: Call to undefined method izv\tools\Util::url() in /home/ubuntu/workspace/proyecto/producto/dodelete.php:22
Stack trace:
#0 {main}
  thrown in /home/ubuntu/workspace/proyecto/producto/dodelete.php on line 22
[30-Oct-2018 10:01:10 UTC] PHP Fatal error:  Uncaught Error: Call to undefined method izv\tools\Util::url() in /home/ubuntu/workspace/proyecto/producto/dodelete.php:28
Stack trace:
#0 {main}
  thrown in /home/ubuntu/workspace/proyecto/producto/dodelete.php on line 28
[30-Oct-2018 10:02:42 UTC] PHP Notice:  Undefined variable: resultado in /home/ubuntu/workspace/proyecto/producto/dodelete.php on line 24
[02-Nov-2018 13:59:01 UTC] PHP Notice:  Undefined variable: usuario in /home/ubuntu/workspace/EjercicioUsuariosBD/usuario/insert.php on line 58
[02-Nov-2018 13:59:01 UTC] PHP Fatal error:  Uncaught Error: Call to a member function getCorreo() on null in /home/ubuntu/workspace/EjercicioUsuariosBD/usuario/insert.php:58
Stack trace:
#0 {main}
  thrown in /home/ubuntu/workspace/EjercicioUsuariosBD/usuario/insert.php on line 58
[02-Nov-2018 14:01:46 UTC] PHP Notice:  Use of undefined constant hola - assumed 'hola' in /home/ubuntu/workspace/EjercicioUsuariosBD/usuario/index.php on line 110
[02-Nov-2018 14:01:46 UTC] PHP Notice:  Use of undefined constant hola - assumed 'hola' in /home/ubuntu/workspace/EjercicioUsuariosBD/usuario/index.php on line 110
[02-Nov-2018 14:23:28 UTC] PHP Notice:  Undefined variable: usuario in /home/ubuntu/workspace/EjercicioUsuariosBD/usuario/insert.php on line 58
[02-Nov-2018 14:23:28 UTC] PHP Fatal error:  Uncaught Error: Call to a member function getCorreo() on null in /home/ubuntu/workspace/EjercicioUsuariosBD/usuario/insert.php:58
Stack trace:
#0 {main}
  thrown in /home/ubuntu/workspace/EjercicioUsuariosBD/usuario/insert.php on line 58
[02-Nov-2018 14:33:58 UTC] PHP Fatal error:  Uncaught Error: Call to undefined function setAlias() in /home/ubuntu/workspace/EjercicioUsuariosBD/usuario/doinsert.php:18
Stack trace:
#0 {main}
  thrown in /home/ubuntu/workspace/EjercicioUsuariosBD/usuario/doinsert.php on line 18
[02-Nov-2018 14:40:24 UTC] PHP Fatal error:  Uncaught Error: Call to a member function beginTransaction() on null in /home/ubuntu/workspace/EjercicioUsuariosBD/usuario/dodelete.php:24
Stack trace:
#0 {main}
  thrown in /home/ubuntu/workspace/EjercicioUsuariosBD/usuario/dodelete.php on line 24
[02-Nov-2018 14:45:51 UTC] PHP Fatal error:  Uncaught Error: Call to a member function beginTransaction() on null in /home/ubuntu/workspace/EjercicioUsuariosBD/usuario/dodelete.php:24
Stack trace:
#0 {main}
  thrown in /home/ubuntu/workspace/EjercicioUsuariosBD/usuario/dodelete.php on line 24
[02-Nov-2018 19:32:49 UTC] PHP Fatal error:  Uncaught Error: Call to a member function beginTransaction() on null in /home/ubuntu/workspace/EjercicioUsuariosBD/usuario/dodelete.php:24
Stack trace:
#0 {main}
  thrown in /home/ubuntu/workspace/EjercicioUsuariosBD/usuario/dodelete.php on line 24
[02-Nov-2018 19:35:14 UTC] PHP Fatal error:  Uncaught Error: Call to a member function beginTransaction() on null in /home/ubuntu/workspace/EjercicioUsuariosBD/usuario/dodelete.php:24
Stack trace:
#0 {main}
  thrown in /home/ubuntu/workspace/EjercicioUsuariosBD/usuario/dodelete.php on line 24
[02-Nov-2018 20:22:02 UTC] PHP Notice:  Array to string conversion in /home/ubuntu/workspace/EjercicioUsuariosBD/classes/izv/database/Database.php on line 71
[02-Nov-2018 20:22:02 UTC] PHP Notice:  Array to string conversion in /home/ubuntu/workspace/EjercicioUsuariosBD/classes/izv/database/Database.php on line 71
[02-Nov-2018 20:28:19 UTC] PHP Notice:  Undefined variable: id in /home/ubuntu/workspace/EjercicioUsuariosBD/usuario/dodelete.php on line 29
[02-Nov-2018 20:28:19 UTC] PHP Fatal error:  Uncaught Error: Call to a member function beginTransaction() on null in /home/ubuntu/workspace/EjercicioUsuariosBD/usuario/dodelete.php:37
Stack trace:
#0 {main}
  thrown in /home/ubuntu/workspace/EjercicioUsuariosBD/usuario/dodelete.php on line 37
